{"/Users/ola_199x/Desktop/Dev/adtivity-sdk0.0.1/src/autoTrackers/clickTracker.js": {"path":"/Users/ola_199x/Desktop/Dev/adtivity-sdk0.0.1/src/autoTrackers/clickTracker.js","statementMap":{"0":{"start":{"line":10,"column":2},"end":{"line":50,"column":4}},"1":{"start":{"line":12,"column":19},"end":{"line":12,"column":64}},"2":{"start":{"line":13,"column":4},"end":{"line":49,"column":5}},"3":{"start":{"line":15,"column":8},"end":{"line":15,"column":71}},"4":{"start":{"line":16,"column":23},"end":{"line":28,"column":7}},"5":{"start":{"line":32,"column":6},"end":{"line":44,"column":7}},"6":{"start":{"line":33,"column":8},"end":{"line":43,"column":9}},"7":{"start":{"line":34,"column":30},"end":{"line":34,"column":70}},"8":{"start":{"line":35,"column":10},"end":{"line":35,"column":56}},"9":{"start":{"line":37,"column":10},"end":{"line":42,"column":11}},"10":{"start":{"line":46,"column":6},"end":{"line":48,"column":7}},"11":{"start":{"line":47,"column":8},"end":{"line":47,"column":60}},"12":{"start":{"line":51,"column":2},"end":{"line":51,"column":63}}},"fnMap":{"0":{"name":"initAutomaticClickTracking","decl":{"start":{"line":9,"column":16},"end":{"line":9,"column":42}},"loc":{"start":{"line":9,"column":64},"end":{"line":52,"column":1}},"line":9},"1":{"name":"(anonymous_1)","decl":{"start":{"line":10,"column":42},"end":{"line":10,"column":43}},"loc":{"start":{"line":10,"column":53},"end":{"line":50,"column":3}},"line":10},"2":{"name":"(anonymous_2)","decl":{"start":{"line":46,"column":48},"end":{"line":46,"column":49}},"loc":{"start":{"line":47,"column":8},"end":{"line":47,"column":60}},"line":47}},"branchMap":{"0":{"loc":{"start":{"line":13,"column":4},"end":{"line":49,"column":5}},"type":"if","locations":[{"start":{"line":13,"column":4},"end":{"line":49,"column":5}},{"start":{},"end":{}}],"line":13},"1":{"loc":{"start":{"line":15,"column":8},"end":{"line":15,"column":71}},"type":"binary-expr","locations":[{"start":{"line":15,"column":8},"end":{"line":15,"column":50}},{"start":{"line":15,"column":54},"end":{"line":15,"column":71}}],"line":15},"2":{"loc":{"start":{"line":17,"column":19},"end":{"line":17,"column":36}},"type":"binary-expr","locations":[{"start":{"line":17,"column":19},"end":{"line":17,"column":28}},{"start":{"line":17,"column":32},"end":{"line":17,"column":36}}],"line":17},"3":{"loc":{"start":{"line":19,"column":21},"end":{"line":21,"column":16}},"type":"cond-expr","locations":[{"start":{"line":20,"column":12},"end":{"line":20,"column":46}},{"start":{"line":21,"column":12},"end":{"line":21,"column":16}}],"line":19},"4":{"loc":{"start":{"line":24,"column":14},"end":{"line":24,"column":33}},"type":"binary-expr","locations":[{"start":{"line":24,"column":14},"end":{"line":24,"column":25}},{"start":{"line":24,"column":29},"end":{"line":24,"column":33}}],"line":24},"5":{"loc":{"start":{"line":25,"column":14},"end":{"line":25,"column":33}},"type":"binary-expr","locations":[{"start":{"line":25,"column":14},"end":{"line":25,"column":25}},{"start":{"line":25,"column":29},"end":{"line":25,"column":33}}],"line":25},"6":{"loc":{"start":{"line":26,"column":15},"end":{"line":26,"column":35}},"type":"binary-expr","locations":[{"start":{"line":26,"column":15},"end":{"line":26,"column":27}},{"start":{"line":26,"column":31},"end":{"line":26,"column":35}}],"line":26},"7":{"loc":{"start":{"line":27,"column":19},"end":{"line":27,"column":43}},"type":"binary-expr","locations":[{"start":{"line":27,"column":19},"end":{"line":27,"column":35}},{"start":{"line":27,"column":39},"end":{"line":27,"column":43}}],"line":27},"8":{"loc":{"start":{"line":32,"column":6},"end":{"line":44,"column":7}},"type":"if","locations":[{"start":{"line":32,"column":6},"end":{"line":44,"column":7}},{"start":{},"end":{}}],"line":32}},"s":{"0":0,"1":0,"2":0,"3":0,"4":0,"5":0,"6":0,"7":0,"8":0,"9":0,"10":0,"11":0,"12":0},"f":{"0":0,"1":0,"2":0},"b":{"0":[0,0],"1":[0,0],"2":[0,0],"3":[0,0],"4":[0,0],"5":[0,0],"6":[0,0],"7":[0,0],"8":[0,0]},"_coverageSchema":"1a1c01bbd47fc00a2c39e90264f33305004495a9","hash":"dd18af9b0dbf38d8fcba1b94dfe423d5c0a3fc3d"}
,"/Users/ola_199x/Desktop/Dev/adtivity-sdk0.0.1/src/autoTrackers/pageTracker.js": {"path":"/Users/ola_199x/Desktop/Dev/adtivity-sdk0.0.1/src/autoTrackers/pageTracker.js","statementMap":{"0":{"start":{"line":12,"column":2},"end":{"line":12,"column":49}},"1":{"start":{"line":15,"column":28},"end":{"line":15,"column":45}},"2":{"start":{"line":16,"column":2},"end":{"line":19,"column":3}},"3":{"start":{"line":17,"column":4},"end":{"line":17,"column":42}},"4":{"start":{"line":18,"column":4},"end":{"line":18,"column":51}},"5":{"start":{"line":21,"column":31},"end":{"line":21,"column":51}},"6":{"start":{"line":22,"column":2},"end":{"line":25,"column":3}},"7":{"start":{"line":23,"column":4},"end":{"line":23,"column":45}},"8":{"start":{"line":24,"column":4},"end":{"line":24,"column":51}},"9":{"start":{"line":28,"column":2},"end":{"line":30,"column":4}},"10":{"start":{"line":29,"column":4},"end":{"line":29,"column":51}},"11":{"start":{"line":32,"column":2},"end":{"line":32,"column":67}},"12":{"start":{"line":44,"column":22},"end":{"line":44,"column":71}},"13":{"start":{"line":46,"column":2},"end":{"line":49,"column":3}},"14":{"start":{"line":47,"column":4},"end":{"line":47,"column":80}},"15":{"start":{"line":48,"column":4},"end":{"line":48,"column":10}},"16":{"start":{"line":50,"column":2},"end":{"line":50,"column":44}},"17":{"start":{"line":52,"column":2},"end":{"line":57,"column":75}},"18":{"start":{"line":57,"column":18},"end":{"line":57,"column":74}}},"fnMap":{"0":{"name":"initAutomaticPageTracking","decl":{"start":{"line":10,"column":16},"end":{"line":10,"column":41}},"loc":{"start":{"line":10,"column":76},"end":{"line":33,"column":1}},"line":10},"1":{"name":"(anonymous_1)","decl":{"start":{"line":16,"column":22},"end":{"line":16,"column":23}},"loc":{"start":{"line":16,"column":41},"end":{"line":19,"column":3}},"line":16},"2":{"name":"(anonymous_2)","decl":{"start":{"line":22,"column":25},"end":{"line":22,"column":26}},"loc":{"start":{"line":22,"column":44},"end":{"line":25,"column":3}},"line":22},"3":{"name":"(anonymous_3)","decl":{"start":{"line":28,"column":38},"end":{"line":28,"column":39}},"loc":{"start":{"line":28,"column":44},"end":{"line":30,"column":3}},"line":28},"4":{"name":"trackPageView","decl":{"start":{"line":43,"column":9},"end":{"line":43,"column":22}},"loc":{"start":{"line":43,"column":57},"end":{"line":58,"column":1}},"line":43},"5":{"name":"(anonymous_5)","decl":{"start":{"line":57,"column":11},"end":{"line":57,"column":12}},"loc":{"start":{"line":57,"column":18},"end":{"line":57,"column":74}},"line":57}},"branchMap":{"0":{"loc":{"start":{"line":46,"column":2},"end":{"line":49,"column":3}},"type":"if","locations":[{"start":{"line":46,"column":2},"end":{"line":49,"column":3}},{"start":{},"end":{}}],"line":46}},"s":{"0":0,"1":0,"2":0,"3":0,"4":0,"5":0,"6":0,"7":0,"8":0,"9":0,"10":0,"11":0,"12":0,"13":0,"14":0,"15":0,"16":0,"17":0,"18":0},"f":{"0":0,"1":0,"2":0,"3":0,"4":0,"5":0},"b":{"0":[0,0]},"_coverageSchema":"1a1c01bbd47fc00a2c39e90264f33305004495a9","hash":"564ace538e348f98012be58b9869d09644741551"}
,"/Users/ola_199x/Desktop/Dev/adtivity-sdk0.0.1/src/utils/storage.js": {"path":"/Users/ola_199x/Desktop/Dev/adtivity-sdk0.0.1/src/utils/storage.js","statementMap":{"0":{"start":{"line":3,"column":25},"end":{"line":3,"column":48}},"1":{"start":{"line":4,"column":23},"end":{"line":4,"column":44}},"2":{"start":{"line":13,"column":2},"end":{"line":17,"column":3}},"3":{"start":{"line":14,"column":4},"end":{"line":14,"column":36}},"4":{"start":{"line":16,"column":4},"end":{"line":16,"column":79}},"5":{"start":{"line":27,"column":2},"end":{"line":32,"column":3}},"6":{"start":{"line":28,"column":4},"end":{"line":28,"column":36}},"7":{"start":{"line":30,"column":4},"end":{"line":30,"column":79}},"8":{"start":{"line":31,"column":4},"end":{"line":31,"column":15}},"9":{"start":{"line":41,"column":2},"end":{"line":48,"column":3}},"10":{"start":{"line":42,"column":4},"end":{"line":42,"column":32}},"11":{"start":{"line":44,"column":4},"end":{"line":47,"column":5}},"12":{"start":{"line":57,"column":20},"end":{"line":57,"column":57}},"13":{"start":{"line":58,"column":2},"end":{"line":66,"column":3}},"14":{"start":{"line":60,"column":4},"end":{"line":63,"column":49}},"15":{"start":{"line":64,"column":4},"end":{"line":64,"column":54}},"16":{"start":{"line":65,"column":4},"end":{"line":65,"column":63}},"17":{"start":{"line":67,"column":2},"end":{"line":67,"column":20}},"18":{"start":{"line":77,"column":18},"end":{"line":77,"column":56}},"19":{"start":{"line":78,"column":2},"end":{"line":84,"column":3}},"20":{"start":{"line":80,"column":4},"end":{"line":81,"column":77}},"21":{"start":{"line":82,"column":4},"end":{"line":82,"column":53}},"22":{"start":{"line":83,"column":4},"end":{"line":83,"column":59}},"23":{"start":{"line":85,"column":2},"end":{"line":85,"column":18}}},"fnMap":{"0":{"name":"setLocalStorageItem","decl":{"start":{"line":12,"column":16},"end":{"line":12,"column":35}},"loc":{"start":{"line":12,"column":48},"end":{"line":18,"column":1}},"line":12},"1":{"name":"getLocalStorageItem","decl":{"start":{"line":26,"column":16},"end":{"line":26,"column":35}},"loc":{"start":{"line":26,"column":41},"end":{"line":33,"column":1}},"line":26},"2":{"name":"removeLocalStorageItem","decl":{"start":{"line":40,"column":16},"end":{"line":40,"column":38}},"loc":{"start":{"line":40,"column":44},"end":{"line":49,"column":1}},"line":40},"3":{"name":"getAnonymousId","decl":{"start":{"line":56,"column":16},"end":{"line":56,"column":30}},"loc":{"start":{"line":56,"column":39},"end":{"line":68,"column":1}},"line":56},"4":{"name":"getSessionId","decl":{"start":{"line":76,"column":16},"end":{"line":76,"column":28}},"loc":{"start":{"line":76,"column":37},"end":{"line":86,"column":1}},"line":76}},"branchMap":{"0":{"loc":{"start":{"line":58,"column":2},"end":{"line":66,"column":3}},"type":"if","locations":[{"start":{"line":58,"column":2},"end":{"line":66,"column":3}},{"start":{},"end":{}}],"line":58},"1":{"loc":{"start":{"line":78,"column":2},"end":{"line":84,"column":3}},"type":"if","locations":[{"start":{"line":78,"column":2},"end":{"line":84,"column":3}},{"start":{},"end":{}}],"line":78}},"s":{"0":0,"1":0,"2":0,"3":0,"4":0,"5":0,"6":0,"7":0,"8":0,"9":0,"10":0,"11":0,"12":0,"13":0,"14":0,"15":0,"16":0,"17":0,"18":0,"19":0,"20":0,"21":0,"22":0,"23":0},"f":{"0":0,"1":0,"2":0,"3":0,"4":0},"b":{"0":[0,0],"1":[0,0]}}
}
