TN:
SF:src/autoTrackers/clickTracker.js
FN:9,initAutomaticClickTracking
FN:10,(anonymous_1)
FN:46,(anonymous_2)
FNF:3
FNH:0
FNDA:0,initAutomaticClickTracking
FNDA:0,(anonymous_1)
FNDA:0,(anonymous_2)
DA:10,0
DA:12,0
DA:13,0
DA:15,0
DA:16,0
DA:32,0
DA:33,0
DA:34,0
DA:35,0
DA:37,0
DA:46,0
DA:47,0
DA:51,0
LF:13
LH:0
BRDA:13,0,0,0
BRDA:13,0,1,0
BRDA:15,1,0,0
BRDA:15,1,1,0
BRDA:17,2,0,0
BRDA:17,2,1,0
BRDA:19,3,0,0
BRDA:19,3,1,0
BRDA:24,4,0,0
BRDA:24,4,1,0
BRDA:25,5,0,0
BRDA:25,5,1,0
BRDA:26,6,0,0
BRDA:26,6,1,0
BRDA:27,7,0,0
BRDA:27,7,1,0
BRDA:32,8,0,0
BRDA:32,8,1,0
BRF:18
BRH:0
end_of_record
TN:
SF:src/autoTrackers/pageTracker.js
FN:10,initAutomaticPageTracking
FN:16,(anonymous_1)
FN:22,(anonymous_2)
FN:28,(anonymous_3)
FN:43,trackPageView
FN:57,(anonymous_5)
FNF:6
FNH:0
FNDA:0,initAutomaticPageTracking
FNDA:0,(anonymous_1)
FNDA:0,(anonymous_2)
FNDA:0,(anonymous_3)
FNDA:0,trackPageView
FNDA:0,(anonymous_5)
DA:12,0
DA:15,0
DA:16,0
DA:17,0
DA:18,0
DA:21,0
DA:22,0
DA:23,0
DA:24,0
DA:28,0
DA:29,0
DA:32,0
DA:44,0
DA:46,0
DA:47,0
DA:48,0
DA:50,0
DA:52,0
DA:57,0
LF:19
LH:0
BRDA:46,0,0,0
BRDA:46,0,1,0
BRF:2
BRH:0
end_of_record
TN:
SF:src/utils/storage.js
FN:12,setLocalStorageItem
FN:26,getLocalStorageItem
FN:40,removeLocalStorageItem
FN:56,getAnonymousId
FN:76,getSessionId
FNF:5
FNH:0
FNDA:0,setLocalStorageItem
FNDA:0,getLocalStorageItem
FNDA:0,removeLocalStorageItem
FNDA:0,getAnonymousId
FNDA:0,getSessionId
DA:3,0
DA:4,0
DA:13,0
DA:14,0
DA:16,0
DA:27,0
DA:28,0
DA:30,0
DA:31,0
DA:41,0
DA:42,0
DA:44,0
DA:57,0
DA:58,0
DA:60,0
DA:64,0
DA:65,0
DA:67,0
DA:77,0
DA:78,0
DA:80,0
DA:82,0
DA:83,0
DA:85,0
LF:24
LH:0
BRDA:58,0,0,0
BRDA:58,0,1,0
BRDA:78,1,0,0
BRDA:78,1,1,0
BRF:4
BRH:0
end_of_record
